AutoDock Vina v1.2.7
#################################################################
# If you used AutoDock Vina in your work, please cite:          #
#                                                               #
# J. Eberhardt, D. Santos-Martins, A. F. Tillack, and S. Forli  #
# AutoDock Vina 1.2.0: New Docking Methods, Expanded Force      #
# Field, and Python Bindings, J. Chem. Inf. Model. (2021)       #
# DOI 10.1021/acs.jcim.1c00203                                  #
#                                                               #
# O. Trott, A. J. Olson,                                        #
# AutoDock Vina: improving the speed and accuracy of docking    #
# with a new scoring function, efficient optimization and       #
# multithreading, J. Comp. Chem. (2010)                         #
# DOI 10.1002/jcc.21334                                         #
#                                                               #
# Please see https://github.com/ccsb-scripps/AutoDock-Vina for  #
# more information.                                             #
#################################################################

Scoring function : vina
Rigid receptor: C:/Users/PC/Documents/Vazquez-lab/projects/virtual-screening-allosteric-modulators/data/docking/mdm2_receptor.pdbqt
Ligands (batch mode): 50 molecules
Grid center: X 0.013 Y 5.383 Z -14.907
Grid size  : X 42.849 Y 41.687 Z 40.977
Grid space : 0.375
Exhaustiveness: 8
CPU: 8
Verbosity: 1

WARNING: Search space volume is greater than 27000 Angstrom^3 (See FAQ)
Computing Vina grid ... done.
Performing docking (random seed: -1706529290) ... 
0%   10   20   30   40   50   60   70   80   90   100%
|----|----|----|----|----|----|----|----|----|----|
***************************************************

mode |   affinity | dist from best mode
     | (kcal/mol) | rmsd l.b.| rmsd u.b.
-----+------------+----------+----------
   1       -7.298          0          0
   2       -7.147      1.189      1.521
   3       -6.817      5.877      6.929
   4       -6.805      2.656      3.547
   5       -6.747      2.723      3.162
   6        -6.59      4.744       8.22
   7        -6.47      2.542      3.606
   8       -6.377      10.08      11.12
   9       -6.268      1.702      2.859
Performing docking (random seed: -1706529290) ... 
0%   10   20   30   40   50   60   70   80   90   100%
|----|----|----|----|----|----|----|----|----|----|
***************************************************

mode |   affinity | dist from best mode
     | (kcal/mol) | rmsd l.b.| rmsd u.b.
-----+------------+----------+----------
   1       -7.673          0          0
   2        -6.99      3.355      5.076
   3       -6.576      4.137      6.119
   4       -6.486      4.126      7.527
   5       -6.432      4.248       5.77
   6       -6.383      5.243      8.643
   7       -6.296      4.441       7.28
   8       -6.181      10.41      12.72
   9       -5.933      3.723      5.527
Performing docking (random seed: -1706529290) ... 
0%   10   20   30   40   50   60   70   80   90   100%
|----|----|----|----|----|----|----|----|----|----|
***************************************************

mode |   affinity | dist from best mode
     | (kcal/mol) | rmsd l.b.| rmsd u.b.
-----+------------+----------+----------
   1        -6.52          0          0
   2        -6.48      8.188      11.33
   3        -6.46      3.678      7.398
   4       -6.448      3.314      7.166
   5       -6.306      3.103      7.467
   6       -6.185      2.309      3.545
   7       -6.182      2.576      3.826
   8       -6.104      1.825      2.115
   9       -6.074      3.042      7.348
Performing docking (random seed: -1706529290) ... 
0%   10   20   30   40   50   60   70   80   90   100%
|----|----|----|----|----|----|----|----|----|----|
***************************************************

mode |   affinity | dist from best mode
     | (kcal/mol) | rmsd l.b.| rmsd u.b.
-----+------------+----------+----------
   1       -8.027          0          0
   2       -7.604      9.219      12.14
   3       -7.169      2.782      5.068
   4       -6.786      2.775      4.704
   5       -6.714      9.388      11.91
   6       -6.674      2.805      5.218
   7       -6.484         10      11.46
   8       -6.445      10.23       12.7
   9       -6.371      2.347      6.282
Performing docking (random seed: -1706529290) ... 
0%   10   20   30   40   50   60   70   80   90   100%
|----|----|----|----|----|----|----|----|----|----|
***************************************************

mode |   affinity | dist from best mode
     | (kcal/mol) | rmsd l.b.| rmsd u.b.
-----+------------+----------+----------
   1       -7.272          0          0
   2       -6.979      3.107      7.638
   3       -6.947      1.634      2.257
   4       -6.753      3.906      5.171
   5       -6.698      3.346      7.931
   6       -6.673      4.229      5.647
   7       -6.609      3.384      7.601
   8       -6.397      3.664      7.793
   9       -6.067      10.97      11.45
Performing docking (random seed: -1706529290) ... 
0%   10   20   30   40   50   60   70   80   90   100%
|----|----|----|----|----|----|----|----|----|----|
***************************************************

mode |   affinity | dist from best mode
     | (kcal/mol) | rmsd l.b.| rmsd u.b.
-----+------------+----------+----------
   1       -6.379          0          0
   2       -6.248      6.601      9.904
   3       -6.221      7.565      11.36
   4       -6.151      7.402      10.74
   5       -6.068      7.982      10.33
   6       -5.957      5.385      8.006
   7         -5.7      7.316      10.03
   8       -5.589      9.444      12.29
   9       -5.492      7.412      10.52
Performing docking (random seed: -1706529290) ... 
0%   10   20   30   40   50   60   70   80   90   100%
|----|----|----|----|----|----|----|----|----|----|
***************************************************

mode |   affinity | dist from best mode
     | (kcal/mol) | rmsd l.b.| rmsd u.b.
-----+------------+----------+----------
   1       -8.136          0          0
   2       -8.104      2.411      8.665
   3       -8.097      2.658      8.072
   4       -8.027      4.151      7.792
   5       -7.986      2.234      2.999
   6       -7.953      2.768      8.502
   7       -7.881      2.378      8.317
   8       -7.729      2.732      7.569
   9       -7.712      2.864       4.99
Performing docking (random seed: -1706529290) ... 
0%   10   20   30   40   50   60   70   80   90   100%
|----|----|----|----|----|----|----|----|----|----|
***************************************************

mode |   affinity | dist from best mode
     | (kcal/mol) | rmsd l.b.| rmsd u.b.
-----+------------+----------+----------
   1       -7.751          0          0
   2       -7.678      2.472      7.791
   3       -7.633      3.296      8.483
   4       -7.617      2.438      3.327
   5       -7.588      2.362      6.896
   6       -7.436      3.732      8.389
   7       -7.359       1.79      2.347
   8       -7.323      3.178      7.839
   9       -7.209      2.331      7.174
Performing docking (random seed: -1706529290) ... 
0%   10   20   30   40   50   60   70   80   90   100%
|----|----|----|----|----|----|----|----|----|----|
***************************************************

mode |   affinity | dist from best mode
     | (kcal/mol) | rmsd l.b.| rmsd u.b.
-----+------------+----------+----------
   1       -5.046          0          0
   2       -4.873      33.65      35.77
   3       -4.795      33.22      35.36
   4       -4.573      3.284       7.01
   5       -4.448      2.998      6.577
   6         -4.4      33.21      35.68
   7       -4.246      33.56      35.07
   8       -4.003      33.39      35.36
   9       -3.936      33.19      35.21
Performing docking (random seed: -1706529290) ... 
0%   10   20   30   40   50   60   70   80   90   100%
|----|----|----|----|----|----|----|----|----|----|
***************************************************

mode |   affinity | dist from best mode
     | (kcal/mol) | rmsd l.b.| rmsd u.b.
-----+------------+----------+----------
   1       -6.987          0          0
   2       -6.983      4.313      8.765
   3        -6.76      4.724      8.936
   4        -6.71      4.795      9.252
   5       -6.652      2.881      4.345
   6        -6.59      3.017      4.143
   7        -6.55       3.91      8.245
   8       -6.296      2.094      3.031
   9       -6.211      3.647      8.211
Performing docking (random seed: -1706529290) ... 
0%   10   20   30   40   50   60   70   80   90   100%
|----|----|----|----|----|----|----|----|----|----|
***************************************************

mode |   affinity | dist from best mode
     | (kcal/mol) | rmsd l.b.| rmsd u.b.
-----+------------+----------+----------
   1       -7.757          0          0
   2        -7.75      3.903      6.368
   3       -7.701      1.327      1.833
   4       -7.662       3.32      10.04
   5        -7.55      2.163      3.742
   6       -7.525      2.907      5.873
   7       -7.202      3.111      10.15
   8       -7.175      2.853      9.605
   9       -6.988      3.596        7.3
Performing docking (random seed: -1706529290) ... 
0%   10   20   30   40   50   60   70   80   90   100%
|----|----|----|----|----|----|----|----|----|----|
***************************************************

mode |   affinity | dist from best mode
     | (kcal/mol) | rmsd l.b.| rmsd u.b.
-----+------------+----------+----------
   1       -6.402          0          0
   2       -6.295      8.938      12.57
   3       -6.081      2.298      3.877
   4       -5.887       2.99      4.679
   5       -5.851      2.793      4.663
   6       -5.815      3.231      5.898
   7       -5.796      10.43      12.81
   8        -5.72      2.338      3.081
   9         -5.7      3.051      4.494
Performing docking (random seed: -1706529290) ... 
0%   10   20   30   40   50   60   70   80   90   100%
|----|----|----|----|----|----|----|----|----|----|
***************************************************

mode |   affinity | dist from best mode
     | (kcal/mol) | rmsd l.b.| rmsd u.b.
-----+------------+----------+----------
   1       -6.305          0          0
   2       -6.287      2.018      3.667
   3       -5.979      2.795      3.547
   4       -5.938      1.798      3.064
   5       -5.838      3.415      4.773
   6       -5.633      4.437      9.415
   7       -5.582       4.06      8.364
   8       -5.487      4.168      9.758
   9       -5.406      3.632       7.68
Performing docking (random seed: -1706529290) ... 
0%   10   20   30   40   50   60   70   80   90   100%
|----|----|----|----|----|----|----|----|----|----|
***************************************************

mode |   affinity | dist from best mode
     | (kcal/mol) | rmsd l.b.| rmsd u.b.
-----+------------+----------+----------
   1       -6.374          0          0
   2       -5.937      1.992      2.909
   3        -5.76      2.669      10.41
   4       -5.501      2.096      2.796
   5       -5.309      2.563      9.798
   6       -4.929      2.142      3.687
   7       -4.863      26.97      30.28
   8       -4.861      2.154      3.361
   9       -4.716       27.9      30.14
Performing docking (random seed: -1706529290) ... 
0%   10   20   30   40   50   60   70   80   90   100%
|----|----|----|----|----|----|----|----|----|----|
***************************************************

mode |   affinity | dist from best mode
     | (kcal/mol) | rmsd l.b.| rmsd u.b.
-----+------------+----------+----------
   1       -5.853          0          0
   2       -5.784      3.125      9.436
   3       -5.731      3.921      7.583
   4       -5.655      2.962       4.78
   5       -5.333      8.556      14.67
   6       -5.071      10.64      14.52
   7       -5.032      28.18      30.26
   8       -5.022      26.91      29.27
   9       -4.812      29.52      32.25
Performing docking (random seed: -1706529290) ... 
0%   10   20   30   40   50   60   70   80   90   100%
|----|----|----|----|----|----|----|----|----|----|
***************************************************

mode |   affinity | dist from best mode
     | (kcal/mol) | rmsd l.b.| rmsd u.b.
-----+------------+----------+----------
   1       -4.936          0          0
   2       -4.407         12      13.56
   3       -4.057      12.31      15.05
   4       -4.029       2.98      6.181
   5        -3.83      32.06      33.99
   6       -3.826      14.32      18.45
   7       -3.813      11.87      14.17
   8       -3.694      27.77      32.22
   9        -3.54      27.13      30.65
Performing docking (random seed: -1706529290) ... 
0%   10   20   30   40   50   60   70   80   90   100%
|----|----|----|----|----|----|----|----|----|----|
***************************************************

mode |   affinity | dist from best mode
     | (kcal/mol) | rmsd l.b.| rmsd u.b.
-----+------------+----------+----------
   1       -6.118          0          0
   2        -5.31      2.772      9.569
   3       -5.243      10.97      14.34
   4       -5.125      26.63      28.66
   5       -5.093      2.982      5.195
   6        -4.87      26.86       28.6
   7       -4.667      27.86      30.63
   8       -4.659      2.359      2.984
   9       -4.436      20.69      23.18
Performing docking (random seed: -1706529290) ... 
0%   10   20   30   40   50   60   70   80   90   100%
|----|----|----|----|----|----|----|----|----|----|
***************************************************

mode |   affinity | dist from best mode
     | (kcal/mol) | rmsd l.b.| rmsd u.b.
-----+------------+----------+----------
   1       -5.354          0          0
   2       -5.128      3.636      6.736
   3       -5.062      2.598      4.019
   4       -4.781      27.59      29.63
   5       -4.652      26.57      28.83
   6       -4.609      27.62      29.84
   7       -4.592      28.03      30.61
   8       -4.589      3.658      7.312
   9       -4.585      28.46      30.61
Performing docking (random seed: -1706529290) ... 
0%   10   20   30   40   50   60   70   80   90   100%
|----|----|----|----|----|----|----|----|----|----|
***************************************************

mode |   affinity | dist from best mode
     | (kcal/mol) | rmsd l.b.| rmsd u.b.
-----+------------+----------+----------
   1       -7.965          0          0
   2       -7.213      1.295      2.248
   3        -7.07      4.813      11.58
   4       -6.859      2.827      3.706
   5       -6.796      4.367      8.246
   6       -6.796      2.538      3.443
   7       -6.641      2.417       3.61
   8        -6.44      10.75      13.83
   9       -6.301      10.65      13.71
Performing docking (random seed: -1706529290) ... 
0%   10   20   30   40   50   60   70   80   90   100%
|----|----|----|----|----|----|----|----|----|----|
***************************************************

mode |   affinity | dist from best mode
     | (kcal/mol) | rmsd l.b.| rmsd u.b.
-----+------------+----------+----------
   1       -7.485          0          0
   2       -7.269      6.871      9.732
   3       -7.183      7.867      9.737
   4       -7.052      6.912      9.668
   5        -6.98      6.802      9.345
   6       -6.809      7.045       9.48
   7       -6.761      8.049      9.816
   8       -6.751      7.041      9.954
   9       -6.549      7.471      8.981
Performing docking (random seed: -1706529290) ... 
0%   10   20   30   40   50   60   70   80   90   100%
|----|----|----|----|----|----|----|----|----|----|
***************************************************

mode |   affinity | dist from best mode
     | (kcal/mol) | rmsd l.b.| rmsd u.b.
-----+------------+----------+----------
   1       -7.201          0          0
   2       -7.192      5.417       6.57
   3       -7.144      6.184      7.716
   4       -7.071      5.662      6.573
   5       -6.962      6.541      8.285
   6       -6.867      6.284      8.034
   7       -6.821      6.613      8.936
   8       -6.711      7.426       9.68
   9       -6.665      5.057       6.82
Performing docking (random seed: -1706529290) ... 
0%   10   20   30   40   50   60   70   80   90   100%
|----|----|----|----|----|----|----|----|----|----|
***************************************************

mode |   affinity | dist from best mode
     | (kcal/mol) | rmsd l.b.| rmsd u.b.
-----+------------+----------+----------
   1       -7.089          0          0
   2       -7.058       7.17      12.58
   3       -6.654      10.68      11.96
   4       -6.426      9.014      11.82
   5       -6.268      10.41      12.71
   6       -6.231      2.541       6.81
   7        -6.06      8.967      13.65
   8       -6.059      3.168      6.496
   9       -5.841      3.441      5.598
Performing docking (random seed: -1706529290) ... 
0%   10   20   30   40   50   60   70   80   90   100%
|----|----|----|----|----|----|----|----|----|----|
***************************************************

mode |   affinity | dist from best mode
     | (kcal/mol) | rmsd l.b.| rmsd u.b.
-----+------------+----------+----------
   1       -8.126          0          0
   2        -8.08      4.252      10.03
   3       -7.627      1.785      2.437
   4       -7.417       2.62      4.065
   5       -7.198      4.228      9.637
   6        -7.18      12.59      14.54
   7       -6.885      2.683      4.159
   8       -6.696      12.55      15.77
   9       -6.667      2.941      5.023
Performing docking (random seed: -1706529290) ... 
0%   10   20   30   40   50   60   70   80   90   100%
|----|----|----|----|----|----|----|----|----|----|
***************************************************

mode |   affinity | dist from best mode
     | (kcal/mol) | rmsd l.b.| rmsd u.b.
-----+------------+----------+----------
   1       -6.742          0          0
   2       -6.649      12.28      13.64
   3         -6.6      3.055      4.697
   4       -6.592      4.458      6.162
   5       -6.555      2.326       5.77
   6       -6.429      10.71      12.29
   7       -6.092      27.85      29.11
   8        -6.06      3.418      4.908
   9       -5.966      2.797      3.564
Performing docking (random seed: -1706529290) ... 
0%   10   20   30   40   50   60   70   80   90   100%
|----|----|----|----|----|----|----|----|----|----|
***************************************************

mode |   affinity | dist from best mode
     | (kcal/mol) | rmsd l.b.| rmsd u.b.
-----+------------+----------+----------
   1       -6.712          0          0
   2       -6.579      3.791       7.54
   3        -6.57       1.84      3.322
   4       -6.563      2.041      3.983
   5       -6.453      10.56      11.85
   6       -6.399      3.204      5.322
   7       -6.385      3.136      5.289
   8       -6.127      1.897      3.808
   9       -5.823      2.556      3.681
Performing docking (random seed: -1706529290) ... 
0%   10   20   30   40   50   60   70   80   90   100%
|----|----|----|----|----|----|----|----|----|----|
***************************************************

mode |   affinity | dist from best mode
     | (kcal/mol) | rmsd l.b.| rmsd u.b.
-----+------------+----------+----------
   1       -7.061          0          0
   2       -7.002      2.319      5.233
   3       -6.927      11.09      14.06
   4       -6.896      2.336      4.739
   5       -6.861      9.906      13.16
   6       -6.747       9.13      12.99
   7       -6.733      11.09      13.53
   8       -6.671      10.64       13.1
   9       -6.573      10.74      13.58
Performing docking (random seed: -1706529290) ... 
0%   10   20   30   40   50   60   70   80   90   100%
|----|----|----|----|----|----|----|----|----|----|
***************************************************

mode |   affinity | dist from best mode
     | (kcal/mol) | rmsd l.b.| rmsd u.b.
-----+------------+----------+----------
   1       -7.913          0          0
   2       -7.499      9.947      14.11
   3        -7.48      8.826      12.52
   4       -7.416       1.51      2.199
   5       -7.333      10.48       13.7
   6       -7.196      9.267      12.71
   7        -7.13      10.06      12.96
   8       -6.823      10.46      13.13
   9       -6.296      11.67      14.59
Performing docking (random seed: -1706529290) ... 
0%   10   20   30   40   50   60   70   80   90   100%
|----|----|----|----|----|----|----|----|----|----|
***************************************************

mode |   affinity | dist from best mode
     | (kcal/mol) | rmsd l.b.| rmsd u.b.
-----+------------+----------+----------
   1       -7.567          0          0
   2       -7.487      9.922      13.05
   3       -7.219      8.638      11.33
   4        -7.08      8.589      12.04
   5       -6.942      3.017      5.403
   6       -6.664      9.176      11.61
   7       -6.528      10.21       12.1
   8       -6.485      8.394      12.03
   9       -6.484      8.736      12.15
Performing docking (random seed: -1706529290) ... 
0%   10   20   30   40   50   60   70   80   90   100%
|----|----|----|----|----|----|----|----|----|----|
***************************************************

mode |   affinity | dist from best mode
     | (kcal/mol) | rmsd l.b.| rmsd u.b.
-----+------------+----------+----------
   1       -6.759          0          0
   2       -6.737      9.425      12.14
   3       -6.707      2.222      5.845
   4       -6.636       2.43      6.122
   5       -6.625      2.953       5.49
   6       -6.526      2.443      6.049
   7       -6.505      27.19      29.09
   8       -6.427      3.108      5.935
   9       -6.304      10.82       13.8
Performing docking (random seed: -1706529290) ... 
0%   10   20   30   40   50   60   70   80   90   100%
|----|----|----|----|----|----|----|----|----|----|
***************************************************

mode |   affinity | dist from best mode
     | (kcal/mol) | rmsd l.b.| rmsd u.b.
-----+------------+----------+----------
   1       -7.507          0          0
   2       -7.135      10.47      12.67
   3       -6.722      9.228      12.42
   4       -6.721      1.727       2.28
   5       -6.717      9.212      12.48
   6       -6.534      9.268      12.17
   7       -6.528       10.8      13.54
   8       -6.478      9.292      12.81
   9        -6.34      30.63      32.59
Performing docking (random seed: -1706529290) ... 
0%   10   20   30   40   50   60   70   80   90   100%
|----|----|----|----|----|----|----|----|----|----|
***************************************************

mode |   affinity | dist from best mode
     | (kcal/mol) | rmsd l.b.| rmsd u.b.
-----+------------+----------+----------
   1       -7.578          0          0
   2        -7.39      3.802      8.446
   3        -7.13      4.112      8.528
   4       -7.049      1.676      3.648
   5       -6.642       2.25      4.156
   6       -6.623      4.368      8.532
   7       -6.602       3.55      7.338
   8       -6.596      1.983      3.758
   9        -6.59      1.676      2.226
Performing docking (random seed: -1706529290) ... 
0%   10   20   30   40   50   60   70   80   90   100%
|----|----|----|----|----|----|----|----|----|----|
***************************************************

mode |   affinity | dist from best mode
     | (kcal/mol) | rmsd l.b.| rmsd u.b.
-----+------------+----------+----------
   1       -7.589          0          0
   2       -7.481      3.696      8.135
   3       -7.244      3.782      8.281
   4       -7.054      1.404      3.382
   5       -6.979      1.601      3.031
   6       -6.767      3.194      8.404
   7       -6.603      2.003      2.831
   8       -6.495      2.123      3.475
   9       -6.472      4.108       8.74
Performing docking (random seed: -1706529290) ... 
0%   10   20   30   40   50   60   70   80   90   100%
|----|----|----|----|----|----|----|----|----|----|
***************************************************

mode |   affinity | dist from best mode
     | (kcal/mol) | rmsd l.b.| rmsd u.b.
-----+------------+----------+----------
   1       -7.527          0          0
   2       -7.363      2.587      4.085
   3       -7.046      3.147      5.245
   4       -7.016      3.793      5.769
   5       -6.948      3.619       6.77
   6       -6.861      4.022      6.355
   7       -6.773      2.846      4.417
   8       -6.696      3.025      5.221
   9       -6.593      2.143       3.32
Performing docking (random seed: -1706529290) ... 
0%   10   20   30   40   50   60   70   80   90   100%
|----|----|----|----|----|----|----|----|----|----|
***************************************************

mode |   affinity | dist from best mode
     | (kcal/mol) | rmsd l.b.| rmsd u.b.
-----+------------+----------+----------
   1       -8.426          0          0
   2       -7.142      1.384      2.041
   3       -6.909      3.385      6.131
   4       -6.694      3.092      4.431
   5       -6.693      3.472      5.192
   6       -6.374      3.953      6.342
   7       -6.249      9.987      12.75
   8       -6.224      8.763      11.61
   9       -6.188      25.83      26.89
Performing docking (random seed: -1706529290) ... 
0%   10   20   30   40   50   60   70   80   90   100%
|----|----|----|----|----|----|----|----|----|----|
***************************************************

mode |   affinity | dist from best mode
     | (kcal/mol) | rmsd l.b.| rmsd u.b.
-----+------------+----------+----------
   1       -6.853          0          0
   2       -6.816      3.469      6.452
   3       -6.773      11.65      13.08
   4       -6.689      3.652        6.3
   5       -6.456      4.509      6.873
   6       -6.344      2.476      3.794
   7       -6.214      4.843      6.694
   8       -6.179      3.632      6.103
   9       -5.986        4.9      7.496
Performing docking (random seed: -1706529290) ... 
0%   10   20   30   40   50   60   70   80   90   100%
|----|----|----|----|----|----|----|----|----|----|
***************************************************

mode |   affinity | dist from best mode
     | (kcal/mol) | rmsd l.b.| rmsd u.b.
-----+------------+----------+----------
   1       -6.506          0          0
   2       -6.346     0.5086      2.862
   3       -6.336      2.986      4.195
   4       -6.299      9.951      12.69
   5       -6.285      1.635      2.046
   6       -6.239       9.99      12.89
   7       -6.239      1.545      3.367
   8       -6.239      1.706      3.421
   9       -6.077      9.994      12.03
Performing docking (random seed: -1706529290) ... 
0%   10   20   30   40   50   60   70   80   90   100%
|----|----|----|----|----|----|----|----|----|----|
***************************************************

mode |   affinity | dist from best mode
     | (kcal/mol) | rmsd l.b.| rmsd u.b.
-----+------------+----------+----------
   1       -7.238          0          0
   2       -7.031      2.231      3.696
   3       -7.024      1.668      2.258
   4       -7.009       1.67      3.316
   5       -6.975       1.41      1.596
   6       -6.895     0.8995      2.584
   7       -6.891      4.287      8.584
   8       -6.879      4.204      8.312
   9       -6.879      2.039       3.08
Performing docking (random seed: -1706529290) ... 
0%   10   20   30   40   50   60   70   80   90   100%
|----|----|----|----|----|----|----|----|----|----|
***************************************************

mode |   affinity | dist from best mode
     | (kcal/mol) | rmsd l.b.| rmsd u.b.
-----+------------+----------+----------
   1       -7.176          0          0
   2       -7.152      2.751      4.197
   3       -6.436      1.996      7.712
   4       -6.352      1.712      3.545
   5       -6.268      2.052      7.942
   6       -6.195        2.3      4.051
   7       -5.916      2.074       7.99
   8       -5.764      7.122      11.51
   9       -5.731      2.219       8.04
Performing docking (random seed: -1706529290) ... 
0%   10   20   30   40   50   60   70   80   90   100%
|----|----|----|----|----|----|----|----|----|----|
***************************************************

mode |   affinity | dist from best mode
     | (kcal/mol) | rmsd l.b.| rmsd u.b.
-----+------------+----------+----------
   1       -7.109          0          0
   2       -6.888      1.255      1.728
   3       -6.881      2.039      2.395
   4       -6.536      1.478      3.284
   5       -6.517      1.263      2.778
   6       -6.459        2.2      7.916
   7       -6.453      3.185      4.786
   8        -6.45      2.105      7.819
   9       -6.028      3.026      8.458
Performing docking (random seed: -1706529290) ... 
0%   10   20   30   40   50   60   70   80   90   100%
|----|----|----|----|----|----|----|----|----|----|
***************************************************

mode |   affinity | dist from best mode
     | (kcal/mol) | rmsd l.b.| rmsd u.b.
-----+------------+----------+----------
   1       -7.904          0          0
   2       -7.739      3.862      7.766
   3       -7.209        3.2      4.087
   4       -6.772      3.774      4.872
   5       -6.731      5.171      7.223
   6       -6.649       4.12      8.066
   7       -6.484      3.318      4.434
   8       -6.416      8.243      11.09
   9        -6.31      2.766      7.031
Performing docking (random seed: -1706529290) ... 
0%   10   20   30   40   50   60   70   80   90   100%
|----|----|----|----|----|----|----|----|----|----|
***************************************************

mode |   affinity | dist from best mode
     | (kcal/mol) | rmsd l.b.| rmsd u.b.
-----+------------+----------+----------
   1       -7.146          0          0
   2       -6.909      4.704       9.66
   3       -6.796      1.684      2.117
   4       -6.755      2.332      3.313
   5       -6.706      1.553      1.926
   6       -6.664      6.111      8.945
   7       -6.611       4.03      9.064
   8       -6.521      4.158      9.281
   9       -6.508      4.881       9.77
Performing docking (random seed: -1706529290) ... 
0%   10   20   30   40   50   60   70   80   90   100%
|----|----|----|----|----|----|----|----|----|----|
***************************************************

mode |   affinity | dist from best mode
     | (kcal/mol) | rmsd l.b.| rmsd u.b.
-----+------------+----------+----------
   1       -7.699          0          0
   2       -7.686      10.31      14.83
   3       -7.506      2.879      3.782
   4       -7.347       4.41      8.059
   5       -7.205      4.149      7.848
   6       -6.916      5.536      8.494
   7       -6.877      2.784      6.422
   8       -6.632      2.877      3.903
   9       -6.547      1.933      2.488
Performing docking (random seed: -1706529290) ... 
0%   10   20   30   40   50   60   70   80   90   100%
|----|----|----|----|----|----|----|----|----|----|
***************************************************

mode |   affinity | dist from best mode
     | (kcal/mol) | rmsd l.b.| rmsd u.b.
-----+------------+----------+----------
   1       -7.413          0          0
   2       -7.212      1.396      2.006
   3       -7.061      4.522      9.026
   4        -6.87      4.391      9.089
   5       -6.653      4.357      9.032
   6       -6.569      4.623      9.254
   7       -6.525      2.171      3.642
   8       -6.171      11.29      13.11
   9        -6.14      3.222      5.407
Performing docking (random seed: -1706529290) ... 
0%   10   20   30   40   50   60   70   80   90   100%
|----|----|----|----|----|----|----|----|----|----|
***************************************************

mode |   affinity | dist from best mode
     | (kcal/mol) | rmsd l.b.| rmsd u.b.
-----+------------+----------+----------
   1       -5.795          0          0
   2       -5.776      3.004      4.414
   3       -5.761      5.741      9.753
   4       -5.749      2.364       3.28
   5       -5.714      1.931      2.576
   6       -5.687      3.432      5.095
   7         -5.6      3.243       4.61
   8       -5.514      5.893      9.049
   9       -5.283      12.59      15.36
Performing docking (random seed: -1706529290) ... 
0%   10   20   30   40   50   60   70   80   90   100%
|----|----|----|----|----|----|----|----|----|----|
***************************************************

mode |   affinity | dist from best mode
     | (kcal/mol) | rmsd l.b.| rmsd u.b.
-----+------------+----------+----------
   1       -5.491          0          0
   2       -5.278      3.462      7.352
   3       -5.272      11.44      14.55
   4       -5.141      3.153      7.603
   5       -5.004      12.22      14.54
   6       -4.765      3.419       7.68
   7       -4.755      28.23      29.98
   8       -4.613      28.57      30.73
   9         -4.6      26.15      27.19
Performing docking (random seed: -1706529290) ... 
0%   10   20   30   40   50   60   70   80   90   100%
|----|----|----|----|----|----|----|----|----|----|
***************************************************

mode |   affinity | dist from best mode
     | (kcal/mol) | rmsd l.b.| rmsd u.b.
-----+------------+----------+----------
   1       -7.481          0          0
   2        -6.95      4.417      7.536
   3       -6.731      4.156      6.757
   4       -6.601      10.13      12.57
   5       -6.555      8.923      11.92
   6       -6.345      10.89      13.97
   7       -6.325      10.96       13.5
   8       -6.311      4.732      7.211
   9       -6.268      9.746       12.2
Performing docking (random seed: -1706529290) ... 
0%   10   20   30   40   50   60   70   80   90   100%
|----|----|----|----|----|----|----|----|----|----|
***************************************************

mode |   affinity | dist from best mode
     | (kcal/mol) | rmsd l.b.| rmsd u.b.
-----+------------+----------+----------
   1       -7.008          0          0
   2       -6.867      1.209      2.535
   3        -6.86      2.312       3.65
   4       -6.835      2.354      3.355
   5       -6.752      10.23      12.85
   6       -6.735      3.531      7.434
   7       -6.461      10.66      13.25
   8       -6.433       4.44      5.751
   9       -6.301      2.116      3.049
Performing docking (random seed: -1706529290) ... 
0%   10   20   30   40   50   60   70   80   90   100%
|----|----|----|----|----|----|----|----|----|----|
***************************************************

mode |   affinity | dist from best mode
     | (kcal/mol) | rmsd l.b.| rmsd u.b.
-----+------------+----------+----------
   1       -6.544          0          0
   2       -6.517      2.449      3.893
   3       -6.447      11.86      13.06
   4       -6.262      2.766      8.117
   5       -5.923      2.036      4.454
   6       -5.816      11.67      13.79
   7       -5.814      2.181      3.481
   8       -5.665      2.831      8.582
   9       -5.549      27.13      28.93
Performing docking (random seed: -1706529290) ... 
0%   10   20   30   40   50   60   70   80   90   100%
|----|----|----|----|----|----|----|----|----|----|
***************************************************

mode |   affinity | dist from best mode
     | (kcal/mol) | rmsd l.b.| rmsd u.b.
-----+------------+----------+----------
   1       -6.209          0          0
   2       -5.999      3.068      7.689
   3        -5.78      27.12      28.95
   4       -5.757      3.065      8.604
   5       -5.562      4.143      9.615
   6       -5.516      27.57      30.02
   7       -5.477      2.729      8.478
   8       -5.167      11.69      12.85
   9       -5.087      12.27       14.7
Performing docking (random seed: -1706529290) ... 
0%   10   20   30   40   50   60   70   80   90   100%
|----|----|----|----|----|----|----|----|----|----|
***************************************************

mode |   affinity | dist from best mode
     | (kcal/mol) | rmsd l.b.| rmsd u.b.
-----+------------+----------+----------
   1       -6.739          0          0
   2       -6.505      4.421      7.921
   3       -6.471      1.365      2.182
   4       -6.428      2.973      4.189
   5       -6.366      3.819      7.297
   6       -6.321      2.751      4.238
   7       -6.064      4.182      7.642
   8       -6.005      5.272      8.938
   9       -5.988      11.74      12.79
